2026-05-21 16:05:32.821463: I tensorflow/core/platform/cpu_feature_guard.cc:210] This TensorFlow binary is optimized to use available CPU instructions in performance-critical operations.
To enable the following instructions: AVX2 FMA, in other operations, rebuild TensorFlow with the appropriate compiler flags.
AdroitHandRelocateDense-v1, AdroitHandHammerDense-v1, AdroitHandDoorDense-v1 environment's reward functions were updated in v1.2.1 without an environment version update. Therefore, use gymnasium-robotics==1.2.0 for v1 reproducibility or use v2 in gymnasium-robotics>=1.4.3. See https://github.com/Farama-Foundation/Gymnasium-Robotics/pull/220 for more details
[2026-05-21 16:05:33,962][__main__][INFO] - Experiment: exp001_sac_her_fetch_push | seed=0
[2026-05-21 16:05:33,967][__main__][INFO] - Resolved config:
seed: 0
project: roborto
experiment_name: exp001_sac_her_fetch_push
paths:
  data_dir: data
  results_dir: results
  run_dir: results/exp001_sac_her_fetch_push/seed_0
logging:
  backend: wandb
  wandb_project: roborto
  wandb_entity: null
  log_interval: 1000
trainer:
  total_steps: 500000
  eval_interval: 25000
  eval_episodes: 100
  num_seeds: 8
  smoke: false
  resume: true
env:
  name: FetchPush
  family: manipulation
  suite: gymnasium_robotics
  id: FetchPush-v4
  goal_conditioned: true
  reward_type: sparse
  max_episode_steps: 50
algo:
  name: sac_her
  family: manipulation
  backend: stable_baselines3
  gamma: 0.98
  learning_rate: 0.001
  batch_size: 256
  buffer_size: 1000000
  tau: 0.005
  learning_starts: 1000
  her:
    strategy: future
    n_relabel: 4
encoder:
  name: scratch
  frozen: false
  embed_dim: 512

[2026-05-21 16:05:33,968][roborto.utils.device][INFO] - CUDA_VISIBLE_DEVICES=GPU-5ac08ef4-9737-c367-bf80-200f205f6014
wandb: [wandb.login()] Loaded credentials for https://api.wandb.ai from /home/user1/.netrc.
wandb: Currently logged in as: sohampahari-research (sohampahari-research-valeo) to https://api.wandb.ai. Use `wandb login --relogin` to force relogin
wandb: setting up run bpdtuo1r
wandb: Tracking run with wandb version 0.27.0
wandb: Run data is saved locally in /media/bigdata/71ec9ff9-bdc2-410a-bfcb-1a3e24aaf8f7/soham/quantamrobolearning/Roborto_repo_scaffold/roborto/wandb/run-20260521_160535-bpdtuo1r
wandb: Run `wandb offline` to turn off syncing.
wandb: Syncing run exp001_sac_her_fetch_push/seed0
wandb: ⭐️ View project at https://wandb.ai/sohampahari-research-valeo/roborto
wandb: 🚀 View run at https://wandb.ai/sohampahari-research-valeo/roborto/runs/bpdtuo1r
[2026-05-21 16:05:41,745][roborto.training.trainer][INFO] - SACHERTrainer: FetchPush-v4 | total_steps=500000 smoke=False
[2026-05-21 16:10:22,886][roborto.training.trainer][INFO] - step=25000  {'eval/success_rate': 0.08, 'eval/mean_return': -46.04}
[2026-05-21 16:15:16,465][roborto.training.trainer][INFO] - step=50000  {'eval/success_rate': 0.04, 'eval/mean_return': -47.56}
[2026-05-21 16:20:07,730][roborto.training.trainer][INFO] - step=75000  {'eval/success_rate': 0.05, 'eval/mean_return': -47.41}
[2026-05-21 16:25:05,496][roborto.training.trainer][INFO] - step=100000  {'eval/success_rate': 0.07, 'eval/mean_return': -46.95}
[2026-05-21 16:30:05,791][roborto.training.trainer][INFO] - step=125000  {'eval/success_rate': 0.25, 'eval/mean_return': -40.16}
[2026-05-21 16:34:56,645][roborto.training.trainer][INFO] - step=150000  {'eval/success_rate': 0.46, 'eval/mean_return': -33.79}
[2026-05-21 16:39:56,262][roborto.training.trainer][INFO] - step=175000  {'eval/success_rate': 0.62, 'eval/mean_return': -26.95}
[2026-05-21 16:44:52,715][roborto.training.trainer][INFO] - step=200000  {'eval/success_rate': 0.63, 'eval/mean_return': -28.04}
[2026-05-21 16:49:49,708][roborto.training.trainer][INFO] - step=225000  {'eval/success_rate': 0.82, 'eval/mean_return': -19.38}
[2026-05-21 16:54:51,411][roborto.training.trainer][INFO] - step=250000  {'eval/success_rate': 0.67, 'eval/mean_return': -26.68}
[2026-05-21 16:59:52,753][roborto.training.trainer][INFO] - step=275000  {'eval/success_rate': 0.71, 'eval/mean_return': -21.39}
[2026-05-21 17:05:02,708][roborto.training.trainer][INFO] - step=300000  {'eval/success_rate': 0.86, 'eval/mean_return': -18.37}
[2026-05-21 17:10:13,946][roborto.training.trainer][INFO] - step=325000  {'eval/success_rate': 0.82, 'eval/mean_return': -17.65}
[2026-05-21 17:15:21,989][roborto.training.trainer][INFO] - step=350000  {'eval/success_rate': 0.95, 'eval/mean_return': -13.35}
[2026-05-21 17:20:38,498][roborto.training.trainer][INFO] - step=375000  {'eval/success_rate': 0.84, 'eval/mean_return': -16.65}
[2026-05-21 17:25:49,990][roborto.training.trainer][INFO] - step=400000  {'eval/success_rate': 0.91, 'eval/mean_return': -13.22}
[2026-05-21 17:31:05,836][roborto.training.trainer][INFO] - step=425000  {'eval/success_rate': 0.91, 'eval/mean_return': -15.13}
[2026-05-21 17:36:21,146][roborto.training.trainer][INFO] - step=450000  {'eval/success_rate': 0.86, 'eval/mean_return': -16.04}
[2026-05-21 17:41:30,203][roborto.training.trainer][INFO] - step=475000  {'eval/success_rate': 0.96, 'eval/mean_return': -11.47}
[2026-05-21 17:46:39,281][roborto.training.trainer][INFO] - step=500000  {'eval/success_rate': 0.82, 'eval/mean_return': -17.26}
[2026-05-21 17:46:39,306][roborto.training.trainer][INFO] - Training complete at step 500000.
wandb: uploading data; updating run metadata
wandb: updating run metadata
wandb: uploading wandb-summary.json; uploading config.yaml; uploading output.log
wandb: uploading history steps 18-19, summary, console lines 20-21
wandb: 
wandb: Run history:
wandb:  eval/mean_return ▁▁▁▁▂▄▅▅▆▅▆▇▇█▇█▇▇█▇
wandb: eval/success_rate ▁▁▁▁▃▄▅▅▇▆▆▇▇█▇██▇█▇
wandb: 
wandb: Run summary:
wandb:  eval/mean_return -17.26
wandb: eval/success_rate 0.82
wandb:           git_sha 70ebf5c
wandb: 
wandb: 🚀 View run exp001_sac_her_fetch_push/seed0 at: https://wandb.ai/sohampahari-research-valeo/roborto/runs/bpdtuo1r
wandb: ⭐️ View project at: https://wandb.ai/sohampahari-research-valeo/roborto
wandb: Synced 5 W&B file(s), 0 media file(s), 0 artifact file(s) and 0 other file(s)
wandb: Find logs at: ./wandb/run-20260521_160535-bpdtuo1r/logs
